
\u{1b}[?1049h
\u{1b}[22;0;0t
\u{1b}[>4;2m
\u{1b}[?1h
\u{1b}=
\u{1b}[?2004h
\u{1b}[?1004h
\u{1b}[1;38r
\u{1b}[?12h
\u{1b}[?12l
\u{1b}[22;2t
\u{1b}[22;1t
\u{1b}[27m
\u{1b}[23m
\u{1b}[29m
\u{1b}[m
\u{1b}[38;2;235;219;178m
\u{1b}[48;2;40;40;40m
\u{1b}[H
\u{1b}[2J
\u{1b}[?25l
\u{1b}[38;1H
\"./lines.txt\" [noeol] 100L, 999B
\u{1b}[1;1H
___000___\r\n___001___\r\n___002___\r\n___003___\r\n___004___\r\n___005___\r\n___006___\r\n___007___\r\n___008___\r\n___009___\r\n___010___\r\n___011___\r\n___012___\r\n___013___\r\n___014___\r\n___015___\r\n___016___\r\n___017___\r\n___018___\r\n___019___\r\n___020___\r\n___021___\r\n___022___\r\n___023___\r\n___024___\r\n___025___\r\n___026___\r\n___027___\r\n___028___\r\n___029___\r\n___030___\r\n___031___\r\n___032___\r\n___033___\r\n___034___\r\n___035___\r\n___036___
\u{1b}[38;160H
1,1
\u{1b}[11CTop
\u{1b}[1;1H
\u{1b}[?25h
\u{1b}[?25l
\u{1b}[38;160H
2
\u{1b}[2;1H
\u{1b}[?25h
\u{1b}[?25l
\u{1b}[38;160H
3
\u{1b}[3;1H
\u{1b}[?25h
\u{1b}[?25l
\u{1b}[38;160H
4
\u{1b}[4;1H
\u{1b}[?25h
\u{1b}[?25l
\u{1b}[38;160H
5
\u{1b}[5;1H
\u{1b}[?25h
\u{1b}[?25l
\u{1b}[38;160H
6
\u{1b}[6;1H
\u{1b}[?25h
\u{1b}[?25l
\u{1b}[38;160H
7
\u{1b}[7;1H
\u{1b}[?25h
\u{1b}[?25l
\u{1b}[38;160H
8
\u{1b}[8;1H
\u{1b}[?25h
\u{1b}[?25l
\u{1b}[38;160H
9
\u{1b}[9;1H
\u{1b}[?25h
\u{1b}[?25l
\u{1b}[38;160H
10,1
\u{1b}[10;1H
\u{1b}[?25h
\u{1b}[?25l
\u{1b}[38;161H
1
\u{1b}[11;1H
\u{1b}[?25h
\u{1b}[?25l
\u{1b}[38;161H
2
\u{1b}[12;1H
\u{1b}[?25h
\u{1b}[?25l
\u{1b}[38;161H
3
\u{1b}[13;1H
\u{1b}[?25h
\u{1b}[?25l
\u{1b}[38;161H
4
\u{1b}[14;1H
\u{1b}[?25h
\u{1b}[?25l
\u{1b}[38;161H
5
\u{1b}[15;1H
\u{1b}[?25h
\u{1b}[?25l
\u{1b}[38;161H
6
\u{1b}[16;1H
\u{1b}[?25h
\u{1b}[?25l
\u{1b}[38;161H
7
\u{1b}[17;1H
\u{1b}[?25h
\u{1b}[?25l
\u{1b}[38;161H
8
\u{1b}[18;1H
\u{1b}[?25h
\u{1b}[?25l
\u{1b}[38;161H
9
\u{1b}[19;1H
\u{1b}[?25h
\u{1b}[?25l
\u{1b}[38;160H
20
\u{1b}[20;1H
\u{1b}[?25h
\u{1b}[?25l
\u{1b}[38;161H
1
\u{1b}[21;1H
\u{1b}[?25h
\u{1b}[?25l
\u{1b}[38;161H
2
\u{1b}[22;1H
\u{1b}[?25h
\u{1b}[?25l
\u{1b}[38;161H
3
\u{1b}[23;1H
\u{1b}[?25h
\u{1b}[?25l
\u{1b}[38;161H
4
\u{1b}[24;1H
\u{1b}[?25h
\u{1b}[?25l
\u{1b}[38;161H
5
\u{1b}[25;1H
\u{1b}[?25h
\u{1b}[?25l
\u{1b}[38;161H
6
\u{1b}[26;1H
\u{1b}[?25h
\u{1b}[?25l
\u{1b}[38;161H
7
\u{1b}[27;1H
\u{1b}[?25h
\u{1b}[?25l
\u{1b}[38;161H
8
\u{1b}[28;1H
\u{1b}[?25h
\u{1b}[?25l
\u{1b}[38;161H
9
\u{1b}[29;1H
\u{1b}[?25h
\u{1b}[?25l
\u{1b}[38;160H
30
\u{1b}[30;1H
\u{1b}[?25h
\u{1b}[?25l
\u{1b}[38;161H
1
\u{1b}[31;1H
\u{1b}[?25h
\u{1b}[?25l
\u{1b}[38;161H
2
\u{1b}[32;1H
\u{1b}[?25h
\u{1b}[?25l
\u{1b}[38;161H
3
\u{1b}[33;1H
\u{1b}[?25h
\u{1b}[?25l
\u{1b}[38;161H
4
\u{1b}[34;1H
\u{1b}[?25h
\u{1b}[?25l
\u{1b}[38;161H
5
\u{1b}[35;1H
\u{1b}[?25h
\u{1b}[?25l
\u{1b}[38;161H
6
\u{1b}[36;1H
\u{1b}[?25h
\u{1b}[?25l
\u{1b}[38;161H
7
\u{1b}[37;1H
\u{1b}[?25h
\u{1b}[?25l
\u{1b}[1;37r
\u{1b}[37;1H
\r\n
\u{1b}[1;38r
\u{1b}[37;1H
___037___
\u{1b}[38;1H
\u{1b}[K
\u{1b}[38;160H
38,1
\u{1b}[11C1%
\u{1b}[37;1H
\u{1b}[?25h
\u{1b}[?25l
\u{1b}[1;37r
\u{1b}[37;1H
\r\n
\u{1b}[1;38r
\u{1b}[37;1H
___038___
\u{1b}[38;160H
\u{1b}[K
\u{1b}[38;160H
39,1
\u{1b}[11C3%
\u{1b}[37;1H
\u{1b}[?25h
\u{1b}[?25l
\u{1b}[1;37r
\u{1b}[37;1H
\r\n
\u{1b}[1;38r
\u{1b}[37;1H
___039___
\u{1b}[38;160H
\u{1b}[K
\u{1b}[38;160H
40,1
\u{1b}[11C4%
\u{1b}[37;1H
\u{1b}[?25h
\u{1b}[?25l
\u{1b}[1;37r
\u{1b}[37;1H
\r\n
\u{1b}[1;38r
\u{1b}[37;1H
___040___
\u{1b}[38;160H
\u{1b}[K
\u{1b}[38;160H
41,1
\u{1b}[11C6%
\u{1b}[37;1H
\u{1b}[?25h
\u{1b}[?25l
\u{1b}[1;37r
\u{1b}[37;1H
\r\n
\u{1b}[1;38r
\u{1b}[37;1H
___041___
\u{1b}[38;160H
\u{1b}[K
\u{1b}[38;160H
42,1
\u{1b}[11C7%
\u{1b}[37;1H
\u{1b}[?25h
\u{1b}[?25l
\u{1b}[1;37r
\u{1b}[37;1H
\r\n
\u{1b}[1;38r
\u{1b}[37;1H
___042___
\u{1b}[38;160H
\u{1b}[K
\u{1b}[38;160H
43,1
\u{1b}[11C9%
\u{1b}[37;1H
\u{1b}[?25h
\u{1b}[?25l
\u{1b}[1;37r
\u{1b}[37;1H
\r\n
\u{1b}[1;38r
\u{1b}[37;1H
___043___
\u{1b}[38;160H
\u{1b}[K
\u{1b}[38;160H
44,1
\u{1b}[10C11%
\u{1b}[37;1H
\u{1b}[?25h
\u{1b}[?25l
\u{1b}[1;37r
\u{1b}[37;1H
\r\n
\u{1b}[1;38r
\u{1b}[37;1H
___044___
\u{1b}[38;160H
\u{1b}[K
\u{1b}[38;160H
45,1
\u{1b}[10C12%
\u{1b}[37;1H
\u{1b}[?25h
\u{1b}[?25l
\u{1b}[1;37r
\u{1b}[37;1H
\r\n
\u{1b}[1;38r
\u{1b}[37;1H
___045___
\u{1b}[38;160H
\u{1b}[K
\u{1b}[38;160H
46,1
\u{1b}[10C14%
\u{1b}[37;1H
\u{1b}[?25h
\u{1b}[?25l
\u{1b}[1;37r
\u{1b}[37;1H
\r\n
\u{1b}[1;38r
\u{1b}[37;1H
___046___
\u{1b}[38;160H
\u{1b}[K
\u{1b}[38;160H
47,1
\u{1b}[10C15%
\u{1b}[37;1H
\u{1b}[?25h
\u{1b}[?25l
\u{1b}[1;37r
\u{1b}[37;1H
\r\n
\u{1b}[1;38r
\u{1b}[37;1H
___047___
\u{1b}[38;160H
\u{1b}[K
\u{1b}[38;160H
48,1
\u{1b}[10C17%
\u{1b}[37;1H
\u{1b}[?25h
\u{1b}[?25l
\u{1b}[1;37r
\u{1b}[37;1H
\r\n
\u{1b}[1;38r
\u{1b}[37;1H
___048___
\u{1b}[38;160H
\u{1b}[K
\u{1b}[38;160H
49,1
\u{1b}[10C19%
\u{1b}[37;1H
\u{1b}[?25h
\u{1b}[?25l
\u{1b}[1;37r
\u{1b}[37;1H
\r\n
\u{1b}[1;38r
\u{1b}[37;1H
___049___
\u{1b}[38;160H
\u{1b}[K
\u{1b}[38;160H
50,1
\u{1b}[10C20%
\u{1b}[37;1H
\u{1b}[?25h
\u{1b}[?25l
\u{1b}[1;37r
\u{1b}[37;1H
\r\n
\u{1b}[1;38r
\u{1b}[37;1H
___050___
\u{1b}[38;160H
\u{1b}[K
\u{1b}[38;160H
51,1
\u{1b}[10C22%
\u{1b}[37;1H
\u{1b}[?25h
\u{1b}[?25l
\u{1b}[1;37r
\u{1b}[37;1H
\r\n
\u{1b}[1;38r
\u{1b}[37;1H
___051___
\u{1b}[38;160H
\u{1b}[K
\u{1b}[38;160H
52,1
\u{1b}[10C23%
\u{1b}[37;1H
\u{1b}[?25h
\u{1b}[?25l
\u{1b}[1;37r
\u{1b}[37;1H
\r\n
\u{1b}[1;38r
\u{1b}[37;1H
___052___
\u{1b}[38;160H
\u{1b}[K
\u{1b}[38;160H
53,1
\u{1b}[10C25%
\u{1b}[37;1H
\u{1b}[?25h
\u{1b}[?25l
\u{1b}[1;37r
\u{1b}[37;1H
\r\n
\u{1b}[1;38r
\u{1b}[37;1H
___053___
\u{1b}[38;160H
\u{1b}[K
\u{1b}[38;160H
54,1
\u{1b}[10C26%
\u{1b}[37;1H
\u{1b}[?25h
\u{1b}[?25l
\u{1b}[1;37r
\u{1b}[37;1H
\r\n
\u{1b}[1;38r
\u{1b}[37;1H
___054___
\u{1b}[38;160H
\u{1b}[K
\u{1b}[38;160H
55,1
\u{1b}[10C28%
\u{1b}[37;1H
\u{1b}[?25h
\u{1b}[?25l
\u{1b}[1;37r
\u{1b}[37;1H
\r\n
\u{1b}[1;38r
\u{1b}[37;1H
___055___
\u{1b}[38;160H
\u{1b}[K
\u{1b}[38;160H
56,1
\u{1b}[10C30%
\u{1b}[37;1H
\u{1b}[?25h
\u{1b}[?25l
\u{1b}[1;37r
\u{1b}[37;1H
\r\n
\u{1b}[1;38r
\u{1b}[37;1H
___056___
\u{1b}[38;160H
\u{1b}[K
\u{1b}[38;160H
57,1
\u{1b}[10C31%
\u{1b}[37;1H
\u{1b}[?25h
\u{1b}[?25l
\u{1b}[1;37r
\u{1b}[37;1H
\r\n
\u{1b}[1;38r
\u{1b}[37;1H
___057___
\u{1b}[38;160H
\u{1b}[K
\u{1b}[38;160H
58,1
\u{1b}[10C33%
\u{1b}[37;1H
\u{1b}[?25h
\u{1b}[?25l
\u{1b}[1;37r
\u{1b}[37;1H
\r\n
\u{1b}[1;38r
\u{1b}[37;1H
___058___
\u{1b}[38;160H
\u{1b}[K
\u{1b}[38;160H
59,1
\u{1b}[10C34%
\u{1b}[37;1H
\u{1b}[?25h
\u{1b}[?25l
\u{1b}[1;37r
\u{1b}[37;1H
\r\n
\u{1b}[1;38r
\u{1b}[37;1H
___059___
\u{1b}[38;160H
\u{1b}[K
\u{1b}[38;160H
60,1
\u{1b}[10C36%
\u{1b}[37;1H
\u{1b}[?25h
\u{1b}[?25l
\u{1b}[1;37r
\u{1b}[37;1H
\r\n
\u{1b}[1;38r
\u{1b}[37;1H
___060___
\u{1b}[38;160H
\u{1b}[K
\u{1b}[38;160H
61,1
\u{1b}[10C38%
\u{1b}[37;1H
\u{1b}[?25h
\u{1b}[?25l
\u{1b}[1;37r
\u{1b}[37;1H
\r\n
\u{1b}[1;38r
\u{1b}[37;1H
___061___
\u{1b}[38;160H
\u{1b}[K
\u{1b}[38;160H
62,1
\u{1b}[10C39%
\u{1b}[37;1H
\u{1b}[?25h
\u{1b}[?25l
\u{1b}[1;37r
\u{1b}[37;1H
\r\n
\u{1b}[1;38r
\u{1b}[37;1H
___062___
\u{1b}[38;160H
\u{1b}[K
\u{1b}[38;160H
63,1
\u{1b}[10C41%
\u{1b}[37;1H
\u{1b}[?25h
\u{1b}[?25l
\u{1b}[1;37r
\u{1b}[37;1H
\r\n
\u{1b}[1;38r
\u{1b}[37;1H
___063___
\u{1b}[38;160H
\u{1b}[K
\u{1b}[38;160H
64,1
\u{1b}[10C42%
\u{1b}[37;1H
\u{1b}[?25h
\u{1b}[?25l
\u{1b}[1;37r
\u{1b}[37;1H
\r\n
\u{1b}[1;38r
\u{1b}[37;1H
___064___
\u{1b}[38;160H
\u{1b}[K
\u{1b}[38;160H
65,1
\u{1b}[10C44%
\u{1b}[37;1H
\u{1b}[?25h
\u{1b}[?25l
\u{1b}[1;37r
\u{1b}[37;1H
\r\n
\u{1b}[1;38r
\u{1b}[37;1H
___065___
\u{1b}[38;160H
\u{1b}[K
\u{1b}[38;160H
66,1
\u{1b}[10C46%
\u{1b}[37;1H
\u{1b}[?25h
\u{1b}[?25l
\u{1b}[1;37r
\u{1b}[37;1H
\r\n
\u{1b}[1;38r
\u{1b}[37;1H
___066___
\u{1b}[38;160H
\u{1b}[K
\u{1b}[38;160H
67,1
\u{1b}[10C47%
\u{1b}[37;1H
\u{1b}[?25h
\u{1b}[?25l
\u{1b}[1;37r
\u{1b}[37;1H
\r\n
\u{1b}[1;38r
\u{1b}[37;1H
___067___
\u{1b}[38;160H
\u{1b}[K
\u{1b}[38;160H
68,1
\u{1b}[10C49%
\u{1b}[37;1H
\u{1b}[?25h
\u{1b}[?25l
\u{1b}[1;37r
\u{1b}[37;1H
\r\n
\u{1b}[1;38r
\u{1b}[37;1H
___068___
\u{1b}[38;160H
\u{1b}[K
\u{1b}[38;160H
69,1
\u{1b}[10C50%
\u{1b}[37;1H
\u{1b}[?25h
\u{1b}[?25l
\u{1b}[1;37r
\u{1b}[37;1H
\r\n
\u{1b}[1;38r
\u{1b}[37;1H
___069___
\u{1b}[38;160H
\u{1b}[K
\u{1b}[38;160H
70,1
\u{1b}[10C52%
\u{1b}[37;1H
\u{1b}[?25h
\u{1b}[?25l
\u{1b}[1;37r
\u{1b}[37;1H
\r\n
\u{1b}[1;38r
\u{1b}[37;1H
___070___
\u{1b}[38;160H
\u{1b}[K
\u{1b}[38;160H
71,1
\u{1b}[10C53%
\u{1b}[37;1H
\u{1b}[?25h
\u{1b}[?25l
\u{1b}[1;37r
\u{1b}[37;1H
\r\n
\u{1b}[1;38r
\u{1b}[37;1H
___071___
\u{1b}[38;160H
\u{1b}[K
\u{1b}[38;160H
72,1
\u{1b}[10C55%
\u{1b}[37;1H
\u{1b}[?25h
\u{1b}[?25l
\u{1b}[1;37r
\u{1b}[37;1H
\r\n
\u{1b}[1;38r
\u{1b}[37;1H
___072___
\u{1b}[38;160H
\u{1b}[K
\u{1b}[38;160H
73,1
\u{1b}[10C57%
\u{1b}[37;1H
\u{1b}[?25h
\u{1b}[?25l
\u{1b}[1;37r
\u{1b}[37;1H
\r\n
\u{1b}[1;38r
\u{1b}[37;1H
___073___
\u{1b}[38;160H
\u{1b}[K
\u{1b}[38;160H
74,1
\u{1b}[10C58%
\u{1b}[37;1H
\u{1b}[?25h
\u{1b}[?25l
\u{1b}[1;37r
\u{1b}[37;1H
\r\n
\u{1b}[1;38r
\u{1b}[37;1H
___074___
\u{1b}[38;160H
\u{1b}[K
\u{1b}[38;160H
75,1
\u{1b}[10C60%
\u{1b}[37;1H
\u{1b}[?25h
\u{1b}[?25l
\u{1b}[1;37r
\u{1b}[37;1H
\r\n
\u{1b}[1;38r
\u{1b}[37;1H
___075___
\u{1b}[38;160H
\u{1b}[K
\u{1b}[38;160H
76,1
\u{1b}[10C61%
\u{1b}[37;1H
\u{1b}[?25h
\u{1b}[?25l
\u{1b}[1;37r
\u{1b}[37;1H
\r\n
\u{1b}[1;38r
\u{1b}[37;1H
___076___
\u{1b}[38;160H
\u{1b}[K
\u{1b}[38;160H
77,1
\u{1b}[10C63%
\u{1b}[37;1H
\u{1b}[?25h
\u{1b}[?25l
\u{1b}[1;37r
\u{1b}[37;1H
\r\n
\u{1b}[1;38r
\u{1b}[37;1H
___077___
\u{1b}[38;160H
\u{1b}[K
\u{1b}[38;160H
78,1
\u{1b}[10C65%
\u{1b}[37;1H
\u{1b}[?25h
\u{1b}[?25l
\u{1b}[1;37r
\u{1b}[37;1H
\r\n
\u{1b}[1;38r
\u{1b}[37;1H
___078___
\u{1b}[38;160H
\u{1b}[K
\u{1b}[38;160H
79,1
\u{1b}[10C66%
\u{1b}[37;1H
\u{1b}[?25h
\u{1b}[?25l
\u{1b}[1;37r
\u{1b}[37;1H
\r\n
\u{1b}[1;38r
\u{1b}[37;1H
___079___
\u{1b}[38;160H
\u{1b}[K
\u{1b}[38;160H
80,1
\u{1b}[10C68%
\u{1b}[37;1H
\u{1b}[?25h
\u{1b}[?25l
\u{1b}[1;37r
\u{1b}[37;1H
\r\n
\u{1b}[1;38r
\u{1b}[37;1H
___080___
\u{1b}[38;160H
\u{1b}[K
\u{1b}[38;160H
81,1
\u{1b}[10C69%
\u{1b}[37;1H
\u{1b}[?25h
\u{1b}[?25l
\u{1b}[1;37r
\u{1b}[37;1H
\r\n
\u{1b}[1;38r
\u{1b}[37;1H
___081___
\u{1b}[38;160H
\u{1b}[K
\u{1b}[38;160H
82,1
\u{1b}[10C71%
\u{1b}[37;1H
\u{1b}[?25h
\u{1b}[?25l
\u{1b}[1;37r
\u{1b}[37;1H
\r\n
\u{1b}[1;38r
\u{1b}[37;1H
___082___
\u{1b}[38;160H
\u{1b}[K
\u{1b}[38;160H
83,1
\u{1b}[10C73%
\u{1b}[37;1H
\u{1b}[?25h
\u{1b}[?25l
\u{1b}[1;37r
\u{1b}[37;1H
\r\n
\u{1b}[1;38r
\u{1b}[37;1H
___083___
\u{1b}[38;160H
\u{1b}[K
\u{1b}[38;160H
84,1
\u{1b}[10C74%
\u{1b}[37;1H
\u{1b}[?25h
\u{1b}[?25l
\u{1b}[1;37r
\u{1b}[37;1H
\r\n
\u{1b}[1;38r
\u{1b}[37;1H
___084___
\u{1b}[38;160H
\u{1b}[K
\u{1b}[38;160H
85,1
\u{1b}[10C76%
\u{1b}[37;1H
\u{1b}[?25h
\u{1b}[?25l
\u{1b}[1;37r
\u{1b}[37;1H
\r\n
\u{1b}[1;38r
\u{1b}[37;1H
___085___
\u{1b}[38;160H
\u{1b}[K
\u{1b}[38;160H
86,1
\u{1b}[10C77%
\u{1b}[37;1H
\u{1b}[?25h
\u{1b}[?25l
\u{1b}[1;37r
\u{1b}[37;1H
\r\n
\u{1b}[1;38r
\u{1b}[37;1H
___086___
\u{1b}[38;160H
\u{1b}[K
\u{1b}[38;160H
87,1
\u{1b}[10C79%
\u{1b}[37;1H
\u{1b}[?25h
\u{1b}[?25l
\u{1b}[1;37r
\u{1b}[37;1H
\r\n
\u{1b}[1;38r
\u{1b}[37;1H
___087___
\u{1b}[38;160H
\u{1b}[K
\u{1b}[38;160H
88,1
\u{1b}[10C80%
\u{1b}[37;1H
\u{1b}[?25h
\u{1b}[?25l
\u{1b}[1;37r
\u{1b}[37;1H
\r\n
\u{1b}[1;38r
\u{1b}[37;1H
___088___
\u{1b}[38;160H
\u{1b}[K
\u{1b}[38;160H
89,1
\u{1b}[10C82%
\u{1b}[37;1H
\u{1b}[?25h
\u{1b}[?25l
\u{1b}[1;37r
\u{1b}[37;1H
\r\n
\u{1b}[1;38r
\u{1b}[37;1H
___089___
\u{1b}[38;160H
\u{1b}[K
\u{1b}[38;160H
90,1
\u{1b}[10C84%
\u{1b}[37;1H
\u{1b}[?25h
\u{1b}[?25l
\u{1b}[1;37r
\u{1b}[37;1H
\r\n
\u{1b}[1;38r
\u{1b}[37;1H
___090___
\u{1b}[38;160H
\u{1b}[K
\u{1b}[38;160H
91,1
\u{1b}[10C85%
\u{1b}[37;1H
\u{1b}[?25h
\u{1b}[?25l
\u{1b}[1;37r
\u{1b}[37;1H
\r\n
\u{1b}[1;38r
\u{1b}[37;1H
___091___
\u{1b}[38;160H
\u{1b}[K
\u{1b}[38;160H
92,1
\u{1b}[10C87%
\u{1b}[37;1H
\u{1b}[?25h
\u{1b}[?25l
\u{1b}[1;37r
\u{1b}[37;1H
\r\n
\u{1b}[1;38r
\u{1b}[37;1H
___092___
\u{1b}[38;160H
\u{1b}[K
\u{1b}[38;160H
93,1
\u{1b}[10C88%
\u{1b}[37;1H
\u{1b}[?25h
\u{1b}[?25l
\u{1b}[1;37r
\u{1b}[37;1H
\r\n
\u{1b}[1;38r
\u{1b}[37;1H
___093___
\u{1b}[38;160H
\u{1b}[K
\u{1b}[38;160H
94,1
\u{1b}[10C90%
\u{1b}[37;1H
\u{1b}[?25h
\u{1b}[?25l
\u{1b}[1;37r
\u{1b}[37;1H
\r\n
\u{1b}[1;38r
\u{1b}[37;1H
___094___
\u{1b}[38;160H
\u{1b}[K
\u{1b}[38;160H
95,1
\u{1b}[10C92%
\u{1b}[37;1H
\u{1b}[?25h
\u{1b}[?25l
\u{1b}[1;37r
\u{1b}[37;1H
\r\n
\u{1b}[1;38r
\u{1b}[37;1H
___095___
\u{1b}[38;160H
\u{1b}[K
\u{1b}[38;160H
96,1
\u{1b}[10C93%
\u{1b}[37;1H
\u{1b}[?25h
\u{1b}[?25l
\u{1b}[1;37r
\u{1b}[37;1H
\r\n
\u{1b}[1;38r
\u{1b}[37;1H
___096___
\u{1b}[38;160H
\u{1b}[K
\u{1b}[38;160H
97,1
\u{1b}[10C95%
\u{1b}[37;1H
\u{1b}[?25h
\u{1b}[?25l
\u{1b}[1;37r
\u{1b}[37;1H
\r\n
\u{1b}[1;38r
\u{1b}[37;1H
___097___
\u{1b}[38;160H
\u{1b}[K
\u{1b}[38;160H
98,1
\u{1b}[10C96%
\u{1b}[37;1H
\u{1b}[?25h
\u{1b}[?25l
\u{1b}[1;37r
\u{1b}[37;1H
\r\n
\u{1b}[1;38r
\u{1b}[37;1H
___098___
\u{1b}[38;160H
\u{1b}[K
\u{1b}[38;160H
99,1
\u{1b}[10C98%
\u{1b}[37;1H
\u{1b}[?25h
\u{1b}[?25l
\u{1b}[1;37r
\u{1b}[37;1H
\r\n
\u{1b}[1;38r
\u{1b}[37;1H
___099___
\u{1b}[38;160H
\u{1b}[K
\u{1b}[38;160H
100,1
\u{1b}[9CBot
\u{1b}[37;1H
\u{1b}[?25h